<?xml version="1.0" encoding="UTF-8"?>
<testsuite name="Use Shopping Cart" tests="1" skipped="0" failures="0" errors="0" timestamp="2022-08-18T20:14:01" hostname="DESKTOP-173RDAC" time="52.605">
  <properties/>
  <testcase name="Buying any product at SwagLabs" classname="Use Shopping Cart" time="52.605"/>
  <system-out><![CDATA[]]></system-out>
  <system-err><![CDATA[]]></system-err>
</testsuite>
